<?xml version="1.0" encoding="UTF-8"?>
<testng-results ignored="0" total="1" passed="1" failed="0" skipped="0">
  <reporter-output>
  </reporter-output>
  <suite started-at="2025-06-03T13:34:52 IST" name="Default suite" finished-at="2025-06-03T13:35:06 IST" duration-ms="14025">
    <groups>
    </groups>
    <test started-at="2025-06-03T13:34:52 IST" name="Default test" finished-at="2025-06-03T13:35:06 IST" duration-ms="14025">
      <class name="com.frames.Browser">
        <test-method signature="browser()[pri:0, instance:com.frames.Browser@7526515b]" started-at="2025-06-03T13:34:52 IST" name="browser" finished-at="2025-06-03T13:35:06 IST" duration-ms="13944" status="PASS">
          <reporter-output>
          </reporter-output>
        </test-method> <!-- browser -->
      </class> <!-- com.frames.Browser -->
    </test> <!-- Default test -->
  </suite> <!-- Default suite -->
</testng-results>
